app/build/intermediates/manifest_merge_blame_file/release/manifest-merger-blame-release-report.txt
1<?xml version="1.0" encoding="utf-8"?>
2<manifest xmlns:android="http://schemas.android.com/apk/res/android"
3    package="com.example.bli_swapi"
4    android:versionCode="1"
5    android:versionName="1.0" >
6
7    <uses-sdk
8        android:minSdkVersion="16"
8-->src/main/AndroidManifest.xml
9        android:targetSdkVersion="29" />
9-->src/main/AndroidManifest.xml
10
11    <application
11-->src/main/AndroidManifest.xml:4:5-43:19
12        android:allowBackup="true"
12-->src/main/AndroidManifest.xml:5:9-35
13        android:appComponentFactory="androidx.core.app.CoreComponentFactory"
13-->[androidx.core:core:1.3.1] AndroidManifest.xml:24:18-86
14        android:icon="@mipmap/ic_launcher"
14-->src/main/AndroidManifest.xml:6:9-43
15        android:label="@string/app_name"
15-->src/main/AndroidManifest.xml:7:9-41
16        android:roundIcon="@mipmap/ic_launcher_round"
16-->src/main/AndroidManifest.xml:8:9-54
17        android:supportsRtl="true"
17-->src/main/AndroidManifest.xml:9:9-35
18        android:theme="@style/AppTheme" >
18-->src/main/AndroidManifest.xml:10:9-40
19        <meta-data
19-->src/main/AndroidManifest.xml:11:9-13:59
20            android:name="asset_statements"
20-->src/main/AndroidManifest.xml:12:13-44
21            android:resource="@string/asset_statements" />
21-->src/main/AndroidManifest.xml:13:13-56
22
23        <activity android:name="com.google.androidbrowserhelper.trusted.LauncherActivity" >
23-->src/main/AndroidManifest.xml:14:9-42:20
23-->src/main/AndroidManifest.xml:15:13-84
24
25            <!-- Edit android:value to change the url opened by the Trusted Web Activity -->
26            <meta-data
26-->src/main/AndroidManifest.xml:18:13-20:69
27                android:name="android.support.customtabs.trusted.DEFAULT_URL"
27-->src/main/AndroidManifest.xml:19:17-78
28                android:value="https://garudahack.hanssagita.com" />
28-->src/main/AndroidManifest.xml:20:17-66
29
30            <!-- This intent-filter adds the Trusted Web Activity to the Android Launcher -->
31            <intent-filter>
31-->src/main/AndroidManifest.xml:23:13-26:29
32                <action android:name="android.intent.action.MAIN" />
32-->src/main/AndroidManifest.xml:24:17-69
32-->src/main/AndroidManifest.xml:24:25-66
33
34                <category android:name="android.intent.category.LAUNCHER" />
34-->src/main/AndroidManifest.xml:25:17-77
34-->src/main/AndroidManifest.xml:25:27-74
35            </intent-filter>
36
37            <!--
38              This intent-filter allows the Trusted Web Activity to handle Intents to open
39              garudahack.hanssagita.com
40            -->
41            <intent-filter>
41-->src/main/AndroidManifest.xml:32:13-41:29
42                <action android:name="android.intent.action.VIEW" />
42-->src/main/AndroidManifest.xml:33:17-68
42-->src/main/AndroidManifest.xml:33:25-66
43
44                <category android:name="android.intent.category.DEFAULT" />
44-->src/main/AndroidManifest.xml:34:17-76
44-->src/main/AndroidManifest.xml:34:27-73
45                <category android:name="android.intent.category.BROWSABLE" />
45-->src/main/AndroidManifest.xml:35:17-77
45-->src/main/AndroidManifest.xml:35:27-75
46
47                <!-- Edit android:host to handle links to the target URL -->
48                <data
48-->src/main/AndroidManifest.xml:38:17-40:63
49                    android:host="garudahack.hanssagita.com"
49-->src/main/AndroidManifest.xml:40:21-61
50                    android:scheme="https" />
50-->src/main/AndroidManifest.xml:39:21-43
51            </intent-filter>
52        </activity>
53    </application>
54
55</manifest>